Flow report for De2
Tue Jul 08 09:55:55 2014
Quartus II 64-Bit Version 13.0.1 Build 232 06/12/2013 Service Pack 1 SJ Web Edition


---------------------
; Table of Contents ;
---------------------
  1. Legal Notice
  2. Flow Summary
  3. Flow Settings
  4. Flow Non-Default Global Settings
  5. Flow Elapsed Time
  6. Flow OS Summary
  7. Flow Log
  8. Flow Messages
  9. Flow Suppressed Messages



----------------
; Legal Notice ;
----------------
Copyright (C) 1991-2013 Altera Corporation
Your use of Altera Corporation's design tools, logic functions 
and other software and tools, and its AMPP partner logic 
functions, and any output files from any of the foregoing 
(including device programming or simulation files), and any 
associated documentation or information are expressly subject 
to the terms and conditions of the Altera Program License 
Subscription Agreement, Altera MegaCore Function License 
Agreement, or other applicable license agreement, including, 
without limitation, that your use is for the sole purpose of 
programming logic devices manufactured by Altera and sold by 
Altera or its authorized distributors.  Please refer to the 
applicable agreement for further details.



+--------------------------------------------------------------------------------------+
; Flow Summary                                                                         ;
+------------------------------------+-------------------------------------------------+
; Flow Status                        ; Successful - Tue Jul 08 09:55:36 2014           ;
; Quartus II 64-Bit Version          ; 13.0.1 Build 232 06/12/2013 SP 1 SJ Web Edition ;
; Revision Name                      ; De2                                             ;
; Top-level Entity Name              ; De2                                             ;
; Family                             ; Cyclone IV GX                                   ;
; Total logic elements               ; 2,760 / 29,440 ( 9 % )                          ;
;     Total combinational functions  ; 2,455 / 29,440 ( 8 % )                          ;
;     Dedicated logic registers      ; 1,336 / 29,440 ( 5 % )                          ;
; Total registers                    ; 1336                                            ;
; Total pins                         ; 137 / 307 ( 45 % )                              ;
; Total virtual pins                 ; 0                                               ;
; Total memory bits                  ; 139,296 / 1,105,920 ( 13 % )                    ;
; Embedded Multiplier 9-bit elements ; 0 / 160 ( 0 % )                                 ;
; Total GXB Receiver Channel PCS     ; 0 / 4 ( 0 % )                                   ;
; Total GXB Receiver Channel PMA     ; 0 / 4 ( 0 % )                                   ;
; Total GXB Transmitter Channel PCS  ; 0 / 4 ( 0 % )                                   ;
; Total GXB Transmitter Channel PMA  ; 0 / 4 ( 0 % )                                   ;
; Total PLLs                         ; 1 / 6 ( 17 % )                                  ;
; Device                             ; EP4CGX30CF23C6                                  ;
; Timing Models                      ; Final                                           ;
+------------------------------------+-------------------------------------------------+


+-----------------------------------------+
; Flow Settings                           ;
+-------------------+---------------------+
; Option            ; Setting             ;
+-------------------+---------------------+
; Start date & time ; 07/08/2014 09:52:30 ;
; Main task         ; Compilation         ;
; Revision Name     ; De2                 ;
+-------------------+---------------------+


+----------------------------------------------------------------------------------------------------------------+
; Flow Non-Default Global Settings                                                                               ;
+-------------------------------------+-------------------------------+---------------+-------------+------------+
; Assignment Name                     ; Value                         ; Default Value ; Entity Name ; Section Id ;
+-------------------------------------+-------------------------------+---------------+-------------+------------+
; COMPILER_SIGNATURE_ID               ; 1098899380541.140482395005320 ; --            ; --          ; --         ;
; PARTITION_COLOR                     ; 16764057                      ; --            ; --          ; Top        ;
; PARTITION_FITTER_PRESERVATION_LEVEL ; PLACEMENT_AND_ROUTING         ; --            ; --          ; Top        ;
; PARTITION_NETLIST_TYPE              ; SOURCE                        ; --            ; --          ; Top        ;
+-------------------------------------+-------------------------------+---------------+-------------+------------+


+-------------------------------------------------------------------------------------------------------------------------------+
; Flow Elapsed Time                                                                                                             ;
+---------------------------+--------------+-------------------------+---------------------+------------------------------------+
; Module Name               ; Elapsed Time ; Average Processors Used ; Peak Virtual Memory ; Total CPU Time (on all processors) ;
+---------------------------+--------------+-------------------------+---------------------+------------------------------------+
; Analysis & Synthesis      ; 00:00:38     ; 1.0                     ; 572 MB              ; 00:00:34                           ;
; Fitter                    ; 00:02:02     ; 1.0                     ; 905 MB              ; 00:01:50                           ;
; Assembler                 ; 00:00:14     ; 1.0                     ; 496 MB              ; 00:00:13                           ;
; TimeQuest Timing Analyzer ; 00:00:17     ; 1.0                     ; 605 MB              ; 00:00:16                           ;
; Total                     ; 00:03:11     ; --                      ; --                  ; 00:02:53                           ;
+---------------------------+--------------+-------------------------+---------------------+------------------------------------+


+----------------------------------------------------------------------------------------+
; Flow OS Summary                                                                        ;
+---------------------------+------------------+-----------+------------+----------------+
; Module Name               ; Machine Hostname ; OS Name   ; OS Version ; Processor type ;
+---------------------------+------------------+-----------+------------+----------------+
; Analysis & Synthesis      ; Boca-pc          ; Windows 7 ; 6.2        ; x86_64         ;
; Fitter                    ; Boca-pc          ; Windows 7 ; 6.2        ; x86_64         ;
; Assembler                 ; Boca-pc          ; Windows 7 ; 6.2        ; x86_64         ;
; TimeQuest Timing Analyzer ; Boca-pc          ; Windows 7 ; 6.2        ; x86_64         ;
+---------------------------+------------------+-----------+------------+----------------+


------------
; Flow Log ;
------------
quartus_map --read_settings_files=on --write_settings_files=off De2 -c De2
quartus_fit --read_settings_files=off --write_settings_files=off De2 -c De2
quartus_asm --read_settings_files=off --write_settings_files=off De2 -c De2
quartus_sta De2 -c De2



